This is pdfTeX, Version 3.1415926-2.4-1.40.13 (MiKTeX 2.9 64-bit) (preloaded format=pdflatex 2015.12.20)  12 MAY 2016 16:05
entering extended mode
**studienarbeit.tex

(C:\Users\D060463\Documents\GitHub\Lego-Racers\dokumentation\Studienarbeit_LEGO
\studienarbeit.tex
LaTeX2e <2011/06/27>
Babel <v3.8m> and hyphenation patterns for english, afrikaans, ancientgreek, ar
abic, armenian, assamese, basque, bengali, bokmal, bulgarian, catalan, coptic, 
croatian, czech, danish, dutch, esperanto, estonian, farsi, finnish, french, ga
lician, german, german-x-2012-05-30, greek, gujarati, hindi, hungarian, iceland
ic, indonesian, interlingua, irish, italian, kannada, kurmanji, latin, latvian,
 lithuanian, malayalam, marathi, mongolian, mongolianlmc, monogreek, ngerman, n
german-x-2012-05-30, nynorsk, oriya, panjabi, pinyin, polish, portuguese, roman
ian, russian, sanskrit, serbian, slovak, slovenian, spanish, swedish, swissgerm
an, tamil, telugu, turkish, turkmen, ukenglish, ukrainian, uppersorbian, usengl
ishmax, welsh, loaded.
("C:\Program Files\MiKTeX 2.9\tex\latex\base\article.cls"
Document Class: article 2007/10/19 v1.4h Standard LaTeX document class
("C:\Program Files\MiKTeX 2.9\tex\latex\base\size12.clo"
File: size12.clo 2007/10/19 v1.4h Standard LaTeX file (size option)
)
\c@part=\count79
\c@section=\count80
\c@subsection=\count81
\c@subsubsection=\count82
\c@paragraph=\count83
\c@subparagraph=\count84
\c@figure=\count85
\c@table=\count86
\abovecaptionskip=\skip41
\belowcaptionskip=\skip42
\bibindent=\dimen102
)
("C:\Program Files\MiKTeX 2.9\tex\latex\geometry\geometry.sty"
Package: geometry 2010/09/12 v5.6 Page Geometry

("C:\Program Files\MiKTeX 2.9\tex\latex\graphics\keyval.sty"
Package: keyval 1999/03/16 v1.13 key=value parser (DPC)
\KV@toks@=\toks14
)
("C:\Program Files\MiKTeX 2.9\tex\generic\oberdiek\ifpdf.sty"
Package: ifpdf 2011/01/30 v2.3 Provides the ifpdf switch (HO)
Package ifpdf Info: pdfTeX in PDF mode is detected.
)
("C:\Program Files\MiKTeX 2.9\tex\generic\oberdiek\ifvtex.sty"
Package: ifvtex 2010/03/01 v1.5 Detect VTeX and its facilities (HO)
Package ifvtex Info: VTeX not detected.
)
("C:\Program Files\MiKTeX 2.9\tex\generic\ifxetex\ifxetex.sty"
Package: ifxetex 2010/09/12 v0.6 Provides ifxetex conditional
)
\Gm@cnth=\count87
\Gm@cntv=\count88
\c@Gm@tempcnt=\count89
\Gm@bindingoffset=\dimen103
\Gm@wd@mp=\dimen104
\Gm@odd@mp=\dimen105
\Gm@even@mp=\dimen106
\Gm@layoutwidth=\dimen107
\Gm@layoutheight=\dimen108
\Gm@layouthoffset=\dimen109
\Gm@layoutvoffset=\dimen110
\Gm@dimlist=\toks15

("C:\Program Files\MiKTeX 2.9\tex\latex\geometry\geometry.cfg"))
("C:\Program Files\MiKTeX 2.9\tex\latex\german\ngerman.sty" v2.5e 1998-07-08
Package: ngerman 1998/07/08 v2.5e Support for writing german texts (br)
\grmnU@D=\dimen111
ngerman -- \language number for naustrian undefined, default 43 used.
)
("C:\Program Files\MiKTeX 2.9\tex\generic\babel\babel.sty"
Package: babel 2008/07/08 v3.8m The Babel package

*************************************
* Local config file bblopts.cfg used
*
("C:\Program Files\MiKTeX 2.9\tex\latex\00miktex\bblopts.cfg"
File: bblopts.cfg 2006/07/31 v1.0 MiKTeX 'babel' configuration
)
("C:\Program Files\MiKTeX 2.9\tex\generic\babel\ngermanb.ldf"
Language: ngermanb 2008/07/06 v2.6n new German support from the babel system

("C:\Program Files\MiKTeX 2.9\tex\generic\babel\babel.def"
File: babel.def 2008/07/08 v3.8m Babel common definitions
\babel@savecnt=\count90
\U@D=\dimen112
)))
("C:\Program Files\MiKTeX 2.9\tex\latex\base\inputenc.sty"
Package: inputenc 2008/03/30 v1.1d Input encoding file
\inpenc@prehook=\toks16
\inpenc@posthook=\toks17

("C:\Program Files\MiKTeX 2.9\tex\latex\base\utf8.def"
File: utf8.def 2008/04/05 v1.1m UTF-8 support for inputenc
Now handling font encoding OML ...
... no UTF-8 mapping file for font encoding OML
Now handling font encoding T1 ...
... processing UTF-8 mapping file for font encoding T1

("C:\Program Files\MiKTeX 2.9\tex\latex\base\t1enc.dfu"
File: t1enc.dfu 2008/04/05 v1.1m UTF-8 support for inputenc
   defining Unicode char U+00A1 (decimal 161)
   defining Unicode char U+00A3 (decimal 163)
   defining Unicode char U+00AB (decimal 171)
   defining Unicode char U+00BB (decimal 187)
   defining Unicode char U+00BF (decimal 191)
   defining Unicode char U+00C0 (decimal 192)
   defining Unicode char U+00C1 (decimal 193)
   defining Unicode char U+00C2 (decimal 194)
   defining Unicode char U+00C3 (decimal 195)
   defining Unicode char U+00C4 (decimal 196)
   defining Unicode char U+00C5 (decimal 197)
   defining Unicode char U+00C6 (decimal 198)
   defining Unicode char U+00C7 (decimal 199)
   defining Unicode char U+00C8 (decimal 200)
   defining Unicode char U+00C9 (decimal 201)
   defining Unicode char U+00CA (decimal 202)
   defining Unicode char U+00CB (decimal 203)
   defining Unicode char U+00CC (decimal 204)
   defining Unicode char U+00CD (decimal 205)
   defining Unicode char U+00CE (decimal 206)
   defining Unicode char U+00CF (decimal 207)
   defining Unicode char U+00D0 (decimal 208)
   defining Unicode char U+00D1 (decimal 209)
   defining Unicode char U+00D2 (decimal 210)
   defining Unicode char U+00D3 (decimal 211)
   defining Unicode char U+00D4 (decimal 212)
   defining Unicode char U+00D5 (decimal 213)
   defining Unicode char U+00D6 (decimal 214)
   defining Unicode char U+00D8 (decimal 216)
   defining Unicode char U+00D9 (decimal 217)
   defining Unicode char U+00DA (decimal 218)
   defining Unicode char U+00DB (decimal 219)
   defining Unicode char U+00DC (decimal 220)
   defining Unicode char U+00DD (decimal 221)
   defining Unicode char U+00DE (decimal 222)
   defining Unicode char U+00DF (decimal 223)
   defining Unicode char U+00E0 (decimal 224)
   defining Unicode char U+00E1 (decimal 225)
   defining Unicode char U+00E2 (decimal 226)
   defining Unicode char U+00E3 (decimal 227)
   defining Unicode char U+00E4 (decimal 228)
   defining Unicode char U+00E5 (decimal 229)
   defining Unicode char U+00E6 (decimal 230)
   defining Unicode char U+00E7 (decimal 231)
   defining Unicode char U+00E8 (decimal 232)
   defining Unicode char U+00E9 (decimal 233)
   defining Unicode char U+00EA (decimal 234)
   defining Unicode char U+00EB (decimal 235)
   defining Unicode char U+00EC (decimal 236)
   defining Unicode char U+00ED (decimal 237)
   defining Unicode char U+00EE (decimal 238)
   defining Unicode char U+00EF (decimal 239)
   defining Unicode char U+00F0 (decimal 240)
   defining Unicode char U+00F1 (decimal 241)
   defining Unicode char U+00F2 (decimal 242)
   defining Unicode char U+00F3 (decimal 243)
   defining Unicode char U+00F4 (decimal 244)
   defining Unicode char U+00F5 (decimal 245)
   defining Unicode char U+00F6 (decimal 246)
   defining Unicode char U+00F8 (decimal 248)
   defining Unicode char U+00F9 (decimal 249)
   defining Unicode char U+00FA (decimal 250)
   defining Unicode char U+00FB (decimal 251)
   defining Unicode char U+00FC (decimal 252)
   defining Unicode char U+00FD (decimal 253)
   defining Unicode char U+00FE (decimal 254)
   defining Unicode char U+00FF (decimal 255)
   defining Unicode char U+0102 (decimal 258)
   defining Unicode char U+0103 (decimal 259)
   defining Unicode char U+0104 (decimal 260)
   defining Unicode char U+0105 (decimal 261)
   defining Unicode char U+0106 (decimal 262)
   defining Unicode char U+0107 (decimal 263)
   defining Unicode char U+010C (decimal 268)
   defining Unicode char U+010D (decimal 269)
   defining Unicode char U+010E (decimal 270)
   defining Unicode char U+010F (decimal 271)
   defining Unicode char U+0110 (decimal 272)
   defining Unicode char U+0111 (decimal 273)
   defining Unicode char U+0118 (decimal 280)
   defining Unicode char U+0119 (decimal 281)
   defining Unicode char U+011A (decimal 282)
   defining Unicode char U+011B (decimal 283)
   defining Unicode char U+011E (decimal 286)
   defining Unicode char U+011F (decimal 287)
   defining Unicode char U+0130 (decimal 304)
   defining Unicode char U+0131 (decimal 305)
   defining Unicode char U+0132 (decimal 306)
   defining Unicode char U+0133 (decimal 307)
   defining Unicode char U+0139 (decimal 313)
   defining Unicode char U+013A (decimal 314)
   defining Unicode char U+013D (decimal 317)
   defining Unicode char U+013E (decimal 318)
   defining Unicode char U+0141 (decimal 321)
   defining Unicode char U+0142 (decimal 322)
   defining Unicode char U+0143 (decimal 323)
   defining Unicode char U+0144 (decimal 324)
   defining Unicode char U+0147 (decimal 327)
   defining Unicode char U+0148 (decimal 328)
   defining Unicode char U+014A (decimal 330)
   defining Unicode char U+014B (decimal 331)
   defining Unicode char U+0150 (decimal 336)
   defining Unicode char U+0151 (decimal 337)
   defining Unicode char U+0152 (decimal 338)
   defining Unicode char U+0153 (decimal 339)
   defining Unicode char U+0154 (decimal 340)
   defining Unicode char U+0155 (decimal 341)
   defining Unicode char U+0158 (decimal 344)
   defining Unicode char U+0159 (decimal 345)
   defining Unicode char U+015A (decimal 346)
   defining Unicode char U+015B (decimal 347)
   defining Unicode char U+015E (decimal 350)
   defining Unicode char U+015F (decimal 351)
   defining Unicode char U+0160 (decimal 352)
   defining Unicode char U+0161 (decimal 353)
   defining Unicode char U+0162 (decimal 354)
   defining Unicode char U+0163 (decimal 355)
   defining Unicode char U+0164 (decimal 356)
   defining Unicode char U+0165 (decimal 357)
   defining Unicode char U+016E (decimal 366)
   defining Unicode char U+016F (decimal 367)
   defining Unicode char U+0170 (decimal 368)
   defining Unicode char U+0171 (decimal 369)
   defining Unicode char U+0178 (decimal 376)
   defining Unicode char U+0179 (decimal 377)
   defining Unicode char U+017A (decimal 378)
   defining Unicode char U+017B (decimal 379)
   defining Unicode char U+017C (decimal 380)
   defining Unicode char U+017D (decimal 381)
   defining Unicode char U+017E (decimal 382)
   defining Unicode char U+200C (decimal 8204)
   defining Unicode char U+2013 (decimal 8211)
   defining Unicode char U+2014 (decimal 8212)
   defining Unicode char U+2018 (decimal 8216)
   defining Unicode char U+2019 (decimal 8217)
   defining Unicode char U+201A (decimal 8218)
   defining Unicode char U+201C (decimal 8220)
   defining Unicode char U+201D (decimal 8221)
   defining Unicode char U+201E (decimal 8222)
   defining Unicode char U+2030 (decimal 8240)
   defining Unicode char U+2031 (decimal 8241)
   defining Unicode char U+2039 (decimal 8249)
   defining Unicode char U+203A (decimal 8250)
   defining Unicode char U+2423 (decimal 9251)
)
Now handling font encoding OT1 ...
... processing UTF-8 mapping file for font encoding OT1

("C:\Program Files\MiKTeX 2.9\tex\latex\base\ot1enc.dfu"
File: ot1enc.dfu 2008/04/05 v1.1m UTF-8 support for inputenc
   defining Unicode char U+00A1 (decimal 161)
   defining Unicode char U+00A3 (decimal 163)
   defining Unicode char U+00B8 (decimal 184)
   defining Unicode char U+00BF (decimal 191)
   defining Unicode char U+00C5 (decimal 197)
   defining Unicode char U+00C6 (decimal 198)
   defining Unicode char U+00D8 (decimal 216)
   defining Unicode char U+00DF (decimal 223)
   defining Unicode char U+00E6 (decimal 230)
   defining Unicode char U+00EC (decimal 236)
   defining Unicode char U+00ED (decimal 237)
   defining Unicode char U+00EE (decimal 238)
   defining Unicode char U+00EF (decimal 239)
   defining Unicode char U+00F8 (decimal 248)
   defining Unicode char U+0131 (decimal 305)
   defining Unicode char U+0141 (decimal 321)
   defining Unicode char U+0142 (decimal 322)
   defining Unicode char U+0152 (decimal 338)
   defining Unicode char U+0153 (decimal 339)
   defining Unicode char U+2013 (decimal 8211)
   defining Unicode char U+2014 (decimal 8212)
   defining Unicode char U+2018 (decimal 8216)
   defining Unicode char U+2019 (decimal 8217)
   defining Unicode char U+201C (decimal 8220)
   defining Unicode char U+201D (decimal 8221)
)
Now handling font encoding OMS ...
... processing UTF-8 mapping file for font encoding OMS

("C:\Program Files\MiKTeX 2.9\tex\latex\base\omsenc.dfu"
File: omsenc.dfu 2008/04/05 v1.1m UTF-8 support for inputenc
   defining Unicode char U+00A7 (decimal 167)
   defining Unicode char U+00B6 (decimal 182)
   defining Unicode char U+00B7 (decimal 183)
   defining Unicode char U+2020 (decimal 8224)
   defining Unicode char U+2021 (decimal 8225)
   defining Unicode char U+2022 (decimal 8226)
)
Now handling font encoding OMX ...
... no UTF-8 mapping file for font encoding OMX
Now handling font encoding U ...
... no UTF-8 mapping file for font encoding U
   defining Unicode char U+00A9 (decimal 169)
   defining Unicode char U+00AA (decimal 170)
   defining Unicode char U+00AE (decimal 174)
   defining Unicode char U+00BA (decimal 186)
   defining Unicode char U+02C6 (decimal 710)
   defining Unicode char U+02DC (decimal 732)
   defining Unicode char U+200C (decimal 8204)
   defining Unicode char U+2026 (decimal 8230)
   defining Unicode char U+2122 (decimal 8482)
   defining Unicode char U+2423 (decimal 9251)
))
("C:\Program Files\MiKTeX 2.9\tex\latex\hyperref\hyperref.sty"
Package: hyperref 2012/11/06 v6.83m Hypertext links for LaTeX

("C:\Program Files\MiKTeX 2.9\tex\generic\oberdiek\hobsub-hyperref.sty"
Package: hobsub-hyperref 2012/04/25 v1.12 Bundle oberdiek, subset hyperref (HO)


("C:\Program Files\MiKTeX 2.9\tex\generic\oberdiek\hobsub-generic.sty"
Package: hobsub-generic 2012/04/25 v1.12 Bundle oberdiek, subset generic (HO)
Package: hobsub 2012/04/25 v1.12 Construct package bundles (HO)
Package: infwarerr 2010/04/08 v1.3 Providing info/warning/error messages (HO)
Package: ltxcmds 2011/11/09 v1.22 LaTeX kernel commands for general use (HO)
Package: ifluatex 2010/03/01 v1.3 Provides the ifluatex switch (HO)
Package ifluatex Info: LuaTeX not detected.
Package hobsub Info: Skipping package `ifvtex' (already loaded).
Package: intcalc 2007/09/27 v1.1 Expandable calculations with integers (HO)
Package hobsub Info: Skipping package `ifpdf' (already loaded).
Package: etexcmds 2011/02/16 v1.5 Avoid name clashes with e-TeX commands (HO)
Package etexcmds Info: Could not find \expanded.
(etexcmds)             That can mean that you are not using pdfTeX 1.50 or
(etexcmds)             that some package has redefined \expanded.
(etexcmds)             In the latter case, load this package earlier.
Package: kvsetkeys 2012/04/25 v1.16 Key value parser (HO)
Package: kvdefinekeys 2011/04/07 v1.3 Define keys (HO)
Package: pdftexcmds 2011/11/29 v0.20 Utility functions of pdfTeX for LuaTeX (HO
)
Package pdftexcmds Info: LuaTeX not detected.
Package pdftexcmds Info: \pdf@primitive is available.
Package pdftexcmds Info: \pdf@ifprimitive is available.
Package pdftexcmds Info: \pdfdraftmode found.
Package: pdfescape 2011/11/25 v1.13 Implements pdfTeX's escape features (HO)
Package: bigintcalc 2012/04/08 v1.3 Expandable calculations on big integers (HO
)
Package: bitset 2011/01/30 v1.1 Handle bit-vector datatype (HO)
Package: uniquecounter 2011/01/30 v1.2 Provide unlimited unique counter (HO)
)
Package hobsub Info: Skipping package `hobsub' (already loaded).
Package: letltxmacro 2010/09/02 v1.4 Let assignment for LaTeX macros (HO)
Package: hopatch 2011/06/24 v1.1 Wrapper for package hooks (HO)
Package: xcolor-patch 2011/01/30 xcolor patch
Package: atveryend 2011/06/30 v1.8 Hooks at the very end of document (HO)
Package atveryend Info: \enddocument detected (standard20110627).
Package: atbegshi 2011/10/05 v1.16 At begin shipout hook (HO)
Package: refcount 2011/10/16 v3.4 Data extraction from label references (HO)
Package: hycolor 2011/01/30 v1.7 Color options for hyperref/bookmark (HO)
)
("C:\Program Files\MiKTeX 2.9\tex\latex\oberdiek\auxhook.sty"
Package: auxhook 2011/03/04 v1.3 Hooks for auxiliary files (HO)
)
("C:\Program Files\MiKTeX 2.9\tex\latex\oberdiek\kvoptions.sty"
Package: kvoptions 2011/06/30 v3.11 Key value format for package options (HO)
)
\@linkdim=\dimen113
\Hy@linkcounter=\count91
\Hy@pagecounter=\count92

("C:\Program Files\MiKTeX 2.9\tex\latex\hyperref\pd1enc.def"
File: pd1enc.def 2012/11/06 v6.83m Hyperref: PDFDocEncoding definition (HO)
Now handling font encoding PD1 ...
... no UTF-8 mapping file for font encoding PD1
)
\Hy@SavedSpaceFactor=\count93

("C:\Program Files\MiKTeX 2.9\tex\latex\00miktex\hyperref.cfg"
File: hyperref.cfg 2002/06/06 v1.2 hyperref configuration of TeXLive
)
Package hyperref Info: Option `hyperfootnotes' set `false' on input line 4319.
Package hyperref Info: Hyper figures OFF on input line 4443.
Package hyperref Info: Link nesting OFF on input line 4448.
Package hyperref Info: Hyper index ON on input line 4451.
Package hyperref Info: Plain pages OFF on input line 4458.
Package hyperref Info: Backreferencing OFF on input line 4463.
Package hyperref Info: Implicit mode ON; LaTeX internals redefined.
Package hyperref Info: Bookmarks ON on input line 4688.
\c@Hy@tempcnt=\count94

("C:\Program Files\MiKTeX 2.9\tex\latex\ltxmisc\url.sty"
\Urlmuskip=\muskip10
Package: url 2006/04/12  ver 3.3  Verb mode for urls, etc.
)
LaTeX Info: Redefining \url on input line 5041.
\XeTeXLinkMargin=\dimen114
\Fld@menulength=\count95
\Field@Width=\dimen115
\Fld@charsize=\dimen116
Package hyperref Info: Hyper figures OFF on input line 6295.
Package hyperref Info: Link nesting OFF on input line 6300.
Package hyperref Info: Hyper index ON on input line 6303.
Package hyperref Info: backreferencing OFF on input line 6310.
Package hyperref Info: Link coloring OFF on input line 6315.
Package hyperref Info: Link coloring with OCG OFF on input line 6320.
Package hyperref Info: PDF/A mode OFF on input line 6325.
LaTeX Info: Redefining \ref on input line 6365.
LaTeX Info: Redefining \pageref on input line 6369.
\Hy@abspage=\count96
\c@Item=\count97
)

Package hyperref Message: Driver (autodetected): hpdftex.

("C:\Program Files\MiKTeX 2.9\tex\latex\hyperref\hpdftex.def"
File: hpdftex.def 2012/11/06 v6.83m Hyperref driver for pdfTeX
\Fld@listcount=\count98
\c@bookmark@seq@number=\count99

("C:\Program Files\MiKTeX 2.9\tex\latex\oberdiek\rerunfilecheck.sty"
Package: rerunfilecheck 2011/04/15 v1.7 Rerun checks for auxiliary files (HO)
Package uniquecounter Info: New unique counter `rerunfilecheck' on input line 2
82.
)
\Hy@SectionHShift=\skip43
)
("C:\Program Files\MiKTeX 2.9\tex\latex\tocbibind\tocbibind.sty"
Package: tocbibind 2010/10/13 v1.5k extra ToC listings
Package tocbibind Info: The document has section divisions on input line 50.


Package tocbibind Note: Using section or other style headings.

) ("C:\Program Files\MiKTeX 2.9\tex\latex\base\makeidx.sty"
Package: makeidx 2000/03/29 v1.0m Standard LaTeX package
)
("C:\Program Files\MiKTeX 2.9\tex\latex\nomencl\nomencl.sty"
Package: nomencl 2005/09/22 v4.2 Nomenclature package (LN)
\nomlabelwidth=\dimen117
\nom@tempdim=\dimen118
\nomitemsep=\skip44
)
("C:\Program Files\MiKTeX 2.9\tex\latex\fancyhdr\fancyhdr.sty"
\fancy@headwidth=\skip45
\f@ncyO@elh=\skip46
\f@ncyO@erh=\skip47
\f@ncyO@olh=\skip48
\f@ncyO@orh=\skip49
\f@ncyO@elf=\skip50
\f@ncyO@erf=\skip51
\f@ncyO@olf=\skip52
\f@ncyO@orf=\skip53
)
("C:\Program Files\MiKTeX 2.9\tex\latex\natbib\natbib.sty"
Package: natbib 2010/09/13 8.31b (PWD, AO)
\bibhang=\skip54
\bibsep=\skip55
LaTeX Info: Redefining \cite on input line 694.
\c@NAT@ctr=\count100
)
("C:\Program Files\MiKTeX 2.9\tex\latex\amsmath\amsmath.sty"
Package: amsmath 2013/01/14 v2.14 AMS math features
\@mathmargin=\skip56

For additional information on amsmath, use the `?' option.
("C:\Program Files\MiKTeX 2.9\tex\latex\amsmath\amstext.sty"
Package: amstext 2000/06/29 v2.01

("C:\Program Files\MiKTeX 2.9\tex\latex\amsmath\amsgen.sty"
File: amsgen.sty 1999/11/30 v2.0
\@emptytoks=\toks18
\ex@=\dimen119
))
("C:\Program Files\MiKTeX 2.9\tex\latex\amsmath\amsbsy.sty"
Package: amsbsy 1999/11/29 v1.2d
\pmbraise@=\dimen120
)
("C:\Program Files\MiKTeX 2.9\tex\latex\amsmath\amsopn.sty"
Package: amsopn 1999/12/14 v2.01 operator names
)
\inf@bad=\count101
LaTeX Info: Redefining \frac on input line 210.
\uproot@=\count102
\leftroot@=\count103
LaTeX Info: Redefining \overline on input line 306.
\classnum@=\count104
\DOTSCASE@=\count105
LaTeX Info: Redefining \ldots on input line 378.
LaTeX Info: Redefining \dots on input line 381.
LaTeX Info: Redefining \cdots on input line 466.
\Mathstrutbox@=\box26
\strutbox@=\box27
\big@size=\dimen121
LaTeX Font Info:    Redeclaring font encoding OML on input line 566.
LaTeX Font Info:    Redeclaring font encoding OMS on input line 567.
\macc@depth=\count106
\c@MaxMatrixCols=\count107
\dotsspace@=\muskip11
\c@parentequation=\count108
\dspbrk@lvl=\count109
\tag@help=\toks19
\row@=\count110
\column@=\count111
\maxfields@=\count112
\andhelp@=\toks20
\eqnshift@=\dimen122
\alignsep@=\dimen123
\tagshift@=\dimen124
\tagwidth@=\dimen125
\totwidth@=\dimen126
\lineht@=\dimen127
\@envbody=\toks21
\multlinegap=\skip57
\multlinetaggap=\skip58
\mathdisplay@stack=\toks22
LaTeX Info: Redefining \[ on input line 2665.
LaTeX Info: Redefining \] on input line 2666.
)
("C:\Program Files\MiKTeX 2.9\tex\latex\caption\caption.sty"
Package: caption 2013/05/02 v3.3-89 Customizing captions (AR)

("C:\Program Files\MiKTeX 2.9\tex\latex\caption\caption3.sty"
Package: caption3 2013/05/02 v1.6-88 caption3 kernel (AR)
Package caption3 Info: TeX engine: e-TeX on input line 57.
\captionmargin=\dimen128
\captionmargin@=\dimen129
\captionwidth=\dimen130
\caption@tempdima=\dimen131
\caption@indent=\dimen132
\caption@parindent=\dimen133
\caption@hangindent=\dimen134
)
\c@ContinuedFloat=\count113
Package caption Info: hyperref package is loaded.
)
("C:\Program Files\MiKTeX 2.9\tex\latex\setspace\setspace.sty"
Package: setspace 2011/12/19 v6.7a set line spacing
)
("C:\Program Files\MiKTeX 2.9\tex\latex\footmisc\footmisc.sty"
Package: footmisc 2011/06/06 v5.5b a miscellany of footnote facilities
\FN@temptoken=\toks23
\footnotemargin=\dimen135


LaTeX Warning: Command \@makecol  has changed.
               Check if current package is valid.

\c@pp@next@reset=\count114
Package footmisc Info: Declaring symbol style bringhurst on input line 855.
Package footmisc Info: Declaring symbol style chicago on input line 863.
Package footmisc Info: Declaring symbol style wiley on input line 872.
Package footmisc Info: Declaring symbol style lamport-robust on input line 883.

Package footmisc Info: Declaring symbol style lamport* on input line 903.
Package footmisc Info: Declaring symbol style lamport*-robust on input line 924
.
) ("C:\Program Files\MiKTeX 2.9\tex\latex\graphics\graphicx.sty"
Package: graphicx 1999/02/16 v1.0f Enhanced LaTeX Graphics (DPC,SPQR)

("C:\Program Files\MiKTeX 2.9\tex\latex\graphics\graphics.sty"
Package: graphics 2009/02/05 v1.0o Standard LaTeX Graphics (DPC,SPQR)

("C:\Program Files\MiKTeX 2.9\tex\latex\graphics\trig.sty"
Package: trig 1999/03/16 v1.09 sin cos tan (DPC)
)
("C:\Program Files\MiKTeX 2.9\tex\latex\00miktex\graphics.cfg"
File: graphics.cfg 2007/01/18 v1.5 graphics configuration of teTeX/TeXLive
)
Package graphics Info: Driver file: pdftex.def on input line 91.

("C:\Program Files\MiKTeX 2.9\tex\latex\pdftex-def\pdftex.def"
File: pdftex.def 2011/05/27 v0.06d Graphics/color for pdfTeX
\Gread@gobject=\count115
))
\Gin@req@height=\dimen136
\Gin@req@width=\dimen137
)
("C:\Program Files\MiKTeX 2.9\tex\latex\tools\tabularx.sty"
Package: tabularx 1999/01/07 v2.07 `tabularx' package (DPC)

("C:\Program Files\MiKTeX 2.9\tex\latex\tools\array.sty"
Package: array 2008/09/09 v2.4c Tabular extension package (FMi)
\col@sep=\dimen138
\extrarowheight=\dimen139
\NC@list=\toks24
\extratabsurround=\skip59
\backup@length=\skip60
)
\TX@col@width=\dimen140
\TX@old@table=\dimen141
\TX@old@col=\dimen142
\TX@target=\dimen143
\TX@delta=\dimen144
\TX@cols=\count116
\TX@ftn=\toks25
)
("C:\Program Files\MiKTeX 2.9\tex\latex\tools\longtable.sty"
Package: longtable 2004/02/01 v4.11 Multi-page Table package (DPC)
\LTleft=\skip61
\LTright=\skip62
\LTpre=\skip63
\LTpost=\skip64
\LTchunksize=\count117
\LTcapwidth=\dimen145
\LT@head=\box28
\LT@firsthead=\box29
\LT@foot=\box30
\LT@lastfoot=\box31
\LT@cols=\count118
\LT@rows=\count119
\c@LT@tables=\count120
\c@LT@chunks=\count121
\LT@p@ftn=\toks26
)
("C:\Program Files\MiKTeX 2.9\tex\latex\graphics\color.sty"
Package: color 2005/11/14 v1.0j Standard LaTeX Color (DPC)

("C:\Program Files\MiKTeX 2.9\tex\latex\00miktex\color.cfg"
File: color.cfg 2007/01/18 v1.5 color configuration of teTeX/TeXLive
)
Package color Info: Driver file: pdftex.def on input line 130.
)
("C:\Program Files\MiKTeX 2.9\tex\latex\enumitem\enumitem.sty"
Package: enumitem 2011/09/28 v3.5.2 Customized lists
\labelindent=\skip65
\enit@outerparindent=\dimen146
\enit@toks=\toks27
\enit@inbox=\box32
\enitdp@description=\count122
)
("C:\Program Files\MiKTeX 2.9\tex\latex\listings\listings.sty"
\lst@mode=\count123
\lst@gtempboxa=\box33
\lst@token=\toks28
\lst@length=\count124
\lst@currlwidth=\dimen147
\lst@column=\count125
\lst@pos=\count126
\lst@lostspace=\dimen148
\lst@width=\dimen149
\lst@newlines=\count127
\lst@lineno=\count128
\lst@maxwidth=\dimen150

("C:\Program Files\MiKTeX 2.9\tex\latex\listings\lstmisc.sty"
File: lstmisc.sty 2007/02/22 1.4 (Carsten Heinz)
\c@lstnumber=\count129
\lst@skipnumbers=\count130
\lst@framebox=\box34
)
("C:\Program Files\MiKTeX 2.9\tex\latex\listings\listings.cfg"
File: listings.cfg 2007/02/22 1.4 listings configuration
))
Package: listings 2007/02/22 1.4 (Carsten Heinz)

("C:\Program Files\MiKTeX 2.9\tex\latex\oberdiek\zref.sty"
Package: zref 2012/04/04 v2.24 A new reference scheme for LaTeX (HO)

("C:\Program Files\MiKTeX 2.9\tex\latex\oberdiek\zref-base.sty"
Package: zref-base 2012/04/04 v2.24 Module base for zref (HO)
Package zref Info: New property list: main on input line 759.
Package zref Info: New property: default on input line 760.
Package zref Info: New property: page on input line 761.
))
("C:\Program Files\MiKTeX 2.9\tex\latex\glossaries\base\glossaries.sty"
Package: glossaries 2013/04/21 v3.05 (NLCT)

("C:\Program Files\MiKTeX 2.9\tex\latex\base\ifthen.sty"
Package: ifthen 2001/05/26 v1.1c Standard LaTeX ifthen package (DPC)
)
("C:\Program Files\MiKTeX 2.9\tex\latex\xkeyval\xkeyval.sty"
Package: xkeyval 2012/10/14 v2.6b package option processing (HA)

("C:\Program Files\MiKTeX 2.9\tex\generic\xkeyval\xkeyval.tex"
\XKV@toks=\toks29
\XKV@tempa@toks=\toks30
\XKV@depth=\count131
File: xkeyval.tex 2012/10/14 v2.6b key=value parser (HA)
))
("C:\Program Files\MiKTeX 2.9\tex\latex\glossaries\base\mfirstuc.sty"
Package: mfirstuc 2012/05/21 v1.06 (NLCT)

("C:\Program Files\MiKTeX 2.9\tex\latex\etoolbox\etoolbox.sty"
Package: etoolbox 2011/01/03 v2.1 e-TeX tools for LaTeX

("C:\Program Files\MiKTeX 2.9\tex\latex\misc\etex.sty"
Package: etex 1998/03/26 v2.0 eTeX basic definition package (PEB)
\et@xins=\count132
)
\etb@tempcnta=\count133
)
\@glsmfirst=\toks31
\@glsmrest=\toks32
)
("C:\Program Files\MiKTeX 2.9\tex\latex\xfor\xfor.sty"
Package: xfor 2009/02/05 v1.05 (NLCT)
)
("C:\Program Files\MiKTeX 2.9\tex\latex\datatool\datatool-base.sty"
Package: datatool-base 2013/01/15 v2.13 (NLCT)

("C:\Program Files\MiKTeX 2.9\tex\latex\substr\substr.sty"
Package: substr 2009/10/20 v1.2 Handle substrings
\c@su@anzahl=\count134
)
("C:\Program Files\MiKTeX 2.9\tex\latex\datatool\datatool-fp.sty"
Package: datatool-fp 2013/01/15 v2.13 (NLCT)

("C:\Program Files\MiKTeX 2.9\tex\latex\fp\fp.sty"
Package: fp 1995/04/02

`Fixed Point Package', Version 0.8, April 2, 1995 (C) Michael Mehlich
("C:\Program Files\MiKTeX 2.9\tex\latex\fp\defpattern.sty"
Package: defpattern 1994/10/12
\actioncount=\count135
)
("C:\Program Files\MiKTeX 2.9\tex\latex\fp\fp-basic.sty"
Package: fp-basic 1996/05/13
\FP@xs=\count136
\FP@xia=\count137
\FP@xib=\count138
\FP@xfa=\count139
\FP@xfb=\count140
\FP@rega=\count141
\FP@regb=\count142
\FP@regs=\count143
\FP@times=\count144
)
("C:\Program Files\MiKTeX 2.9\tex\latex\fp\fp-addons.sty"
Package: fp-addons 1995/03/15
)
("C:\Program Files\MiKTeX 2.9\tex\latex\fp\fp-snap.sty"
Package: fp-snap 1995/04/05
)
("C:\Program Files\MiKTeX 2.9\tex\latex\fp\fp-exp.sty"
Package: fp-exp 1995/04/03
)
("C:\Program Files\MiKTeX 2.9\tex\latex\fp\fp-trigo.sty"
Package: fp-trigo 1995/04/14
)
("C:\Program Files\MiKTeX 2.9\tex\latex\fp\fp-pas.sty"
Package: fp-pas 1994/08/29
)
("C:\Program Files\MiKTeX 2.9\tex\latex\fp\fp-random.sty"
Package: fp-random 1995/02/23
\FPseed=\count145
)
("C:\Program Files\MiKTeX 2.9\tex\latex\fp\fp-eqn.sty"
Package: fp-eqn 1995/04/03
)
("C:\Program Files\MiKTeX 2.9\tex\latex\fp\fp-upn.sty"
Package: fp-upn 1996/10/21
)
("C:\Program Files\MiKTeX 2.9\tex\latex\fp\fp-eval.sty"
Package: fp-eval 1995/04/03
)))
\@dtl@toks=\toks33
\@dtl@tmpcount=\count146
\dtl@tmplength=\skip66
\dtl@sortresult=\count147
\@dtl@numgrpsepcount=\count148
\@dtl@datatype=\count149
\dtl@codeA=\count150
\dtl@codeB=\count151
\@dtl@foreach@level=\count152
)
\gls@level=\count153
\@gls@tmpb=\toks34
\gls@tmplen=\skip67
\glswrite=\write3
\glskeylisttok=\toks35
\glslabeltok=\toks36
\glsshorttok=\toks37
\glslongtok=\toks38

("C:\Program Files\MiKTeX 2.9\tex\latex\glossaries\styles\glossary-hypernav.sty
"
Package: glossary-hypernav 2007/07/04 v1.01 (NLCT)
) ("C:\Program Files\MiKTeX 2.9\tex\latex\glossaries\styles\glossary-list.sty"
Package: glossary-list 2012/11/11 v3.04 (NLCT)
\glslistdottedwidth=\skip68
) ("C:\Program Files\MiKTeX 2.9\tex\latex\glossaries\styles\glossary-long.sty"
Package: glossary-long 2012/09/21 v3.03 (NLCT)
\glsdescwidth=\skip69
\glspagelistwidth=\skip70
) ("C:\Program Files\MiKTeX 2.9\tex\latex\glossaries\styles\glossary-super.sty"
Package: glossary-super 2012/09/21 v3.03 (NLCT)

("C:\Program Files\MiKTeX 2.9\tex\latex\supertabular\supertabular.sty"
Package: supertabular 2004/02/20 v4.1e the supertabular environment
\c@tracingst=\count154
\ST@wd=\dimen151
\ST@rightskip=\skip71
\ST@leftskip=\skip72
\ST@parfillskip=\skip73
\ST@pageleft=\dimen152
\ST@headht=\dimen153
\ST@tailht=\dimen154
\ST@pagesofar=\dimen155
\ST@pboxht=\dimen156
\ST@lineht=\dimen157
\ST@stretchht=\dimen158
\ST@prevht=\dimen159
\ST@toadd=\dimen160
\ST@dimen=\dimen161
\ST@pbox=\box35
))
("C:\Program Files\MiKTeX 2.9\tex\latex\glossaries\styles\glossary-tree.sty"
Package: glossary-tree 2012/09/21 v3.03 (NLCT)
\glstreeindent=\skip74
))
("C:\Program Files\MiKTeX 2.9\tex\latex\glossaries\base\glossaries-babel.sty"
Package: glossaries-babel 2009/04/16 v1.2 (NLCT)
)
("C:\Program Files\MiKTeX 2.9\tex\latex\caption\subcaption.sty"
Package: subcaption 2013/02/03 v1.1-62 Sub-captions (AR)
\c@subfigure=\count155
\c@subtable=\count156
)
Package zref Info: New property: appsec on input line 134.
\@indexfile=\write4

Writing index file studienarbeit.idx
\@nomenclaturefile=\write5
Writing nomenclature file studienarbeit.nlo
\glo@main@file=\write6
Package glossaries Info: Writing glossary file studienarbeit.glo on input line 
168.
Package hyperref Info: Option `bookmarksopen' set `false' on input line 186.
Package hyperref Info: Option `bookmarksnumbered' set `true' on input line 186.


Package hyperref Warning: Invalid value `0'
(hyperref)                for option `pdfborder'.
(hyperref)                Option setting is ignored on input line 186.


(C:\Users\D060463\Documents\GitHub\Lego-Racers\dokumentation\Studienarbeit_LEGO
\studienarbeit.aux
(C:\Users\D060463\Documents\GitHub\Lego-Racers\dokumentation\Studienarbeit_LEGO
\pages/10_titel_seminar.aux)
(C:\Users\D060463\Documents\GitHub\Lego-Racers\dokumentation\Studienarbeit_LEGO
\pages/12_inhaltsverzeichnis.aux)
(C:\Users\D060463\Documents\GitHub\Lego-Racers\dokumentation\Studienarbeit_LEGO
\pages/13_abkuerzungsverzeichnis.aux)
(C:\Users\D060463\Documents\GitHub\Lego-Racers\dokumentation\Studienarbeit_LEGO
\pages/15_abbildungsverzeichnis.aux)
(C:\Users\D060463\Documents\GitHub\Lego-Racers\dokumentation\Studienarbeit_LEGO
\chapter/20_kapitel.aux)
(C:\Users\D060463\Documents\GitHub\Lego-Racers\dokumentation\Studienarbeit_LEGO
\pages/18_literaturverzeichnis.aux)
(C:\Users\D060463\Documents\GitHub\Lego-Racers\dokumentation\Studienarbeit_LEGO
\pages/19_index.aux)
(C:\Users\D060463\Documents\GitHub\Lego-Racers\dokumentation\Studienarbeit_LEGO
\pages/20_erklaerung.aux))
LaTeX Font Info:    Checking defaults for OML/cmm/m/it on input line 239.
LaTeX Font Info:    ... okay on input line 239.
LaTeX Font Info:    Checking defaults for T1/cmr/m/n on input line 239.
LaTeX Font Info:    ... okay on input line 239.
LaTeX Font Info:    Checking defaults for OT1/cmr/m/n on input line 239.
LaTeX Font Info:    ... okay on input line 239.
LaTeX Font Info:    Checking defaults for OMS/cmsy/m/n on input line 239.
LaTeX Font Info:    ... okay on input line 239.
LaTeX Font Info:    Checking defaults for OMX/cmex/m/n on input line 239.
LaTeX Font Info:    ... okay on input line 239.
LaTeX Font Info:    Checking defaults for U/cmr/m/n on input line 239.
LaTeX Font Info:    ... okay on input line 239.
LaTeX Font Info:    Checking defaults for PD1/pdf/m/n on input line 239.
LaTeX Font Info:    ... okay on input line 239.

*geometry* driver: auto-detecting
*geometry* detected driver: pdftex
*geometry* verbose mode - [ preamble ] result:
* driver: pdftex
* paper: a4paper
* layout: <same size as paper>
* layoutoffset:(h,v)=(0.0pt,0.0pt)
* modes: includehead 
* h-part:(L,W,R)=(85.35826pt, 455.24411pt, 56.9055pt)
* v-part:(T,H,B)=(56.9055pt, 731.23584pt, 56.9055pt)
* \paperwidth=597.50787pt
* \paperheight=845.04684pt
* \textwidth=455.24411pt
* \textheight=694.23584pt
* \oddsidemargin=13.08827pt
* \evensidemargin=13.08827pt
* \topmargin=-15.36449pt
* \headheight=12.0pt
* \headsep=25.0pt
* \topskip=12.0pt
* \footskip=30.0pt
* \marginparwidth=35.0pt
* \marginparsep=10.0pt
* \columnsep=10.0pt
* \skip\footins=10.8pt plus 4.0pt minus 2.0pt
* \hoffset=0.0pt
* \voffset=0.0pt
* \mag=1000
* \@twocolumnfalse
* \@twosidefalse
* \@mparswitchfalse
* \@reversemarginfalse
* (1in=72.27pt=25.4mm, 1cm=28.453pt)

\AtBeginShipoutBox=\box36
Package hyperref Info: Link coloring OFF on input line 239.
("C:\Program Files\MiKTeX 2.9\tex\latex\hyperref\nameref.sty"
Package: nameref 2012/10/27 v2.43 Cross-referencing by name of section

("C:\Program Files\MiKTeX 2.9\tex\generic\oberdiek\gettitlestring.sty"
Package: gettitlestring 2010/12/03 v1.4 Cleanup title references (HO)
)
\c@section@level=\count157
)
LaTeX Info: Redefining \ref on input line 239.
LaTeX Info: Redefining \pageref on input line 239.
LaTeX Info: Redefining \nameref on input line 239.

(C:\Users\D060463\Documents\GitHub\Lego-Racers\dokumentation\Studienarbeit_LEGO
\studienarbeit.out)
(C:\Users\D060463\Documents\GitHub\Lego-Racers\dokumentation\Studienarbeit_LEGO
\studienarbeit.out)
\@outlinefile=\write7
Package caption Info: Begin \AtBeginDocument code.
Package caption Info: listings package is loaded.
Package caption Info: longtable package is loaded.

("C:\Program Files\MiKTeX 2.9\tex\latex\caption\ltcaption.sty"
Package: ltcaption 2013/02/03 v1.3-62 longtable captions (AR)
)
Package caption Info: supertabular package is loaded.
Package caption Info: End \AtBeginDocument code.

("C:\Program Files\MiKTeX 2.9\tex\context\base\supp-pdf.mkii"
[Loading MPS to PDF converter (version 2006.09.02).]
\scratchcounter=\count158
\scratchdimen=\dimen162
\scratchbox=\box37
\nofMPsegments=\count159
\nofMParguments=\count160
\everyMPshowfont=\toks39
\MPscratchCnt=\count161
\MPscratchDim=\dimen163
\MPnumerator=\count162
\makeMPintoPDFobject=\count163
\everyMPtoPDFconversion=\toks40
)
\c@lstlisting=\count164

(C:\Users\D060463\Documents\GitHub\Lego-Racers\dokumentation\Studienarbeit_LEGO
\pages/10_titel_seminar.tex
<images/dhbw.png, id=94, 912.40875pt x 481.04718pt>
File: images/dhbw.png Graphic file (type png)
 <use images/dhbw.png>
Package pdftex.def Info: images/dhbw.png used on input line 3.
(pdftex.def)             Requested size: 207.69165pt x 108.12083pt.

Underfull \hbox (badness 10000) in paragraph at lines 4--5

 []

[1


{C:/ProgramData/MiKTeX/2.9/pdftex/config/pdftex.map} <C:/Users/D060463/Document
s/GitHub/Lego-Racers/dokumentation/Studienarbeit_LEGO/images/dhbw.png>])
(C:\Users\D060463\Documents\GitHub\Lego-Racers\dokumentation\Studienarbeit_LEGO
\pages/12_inhaltsverzeichnis.tex
(C:\Users\D060463\Documents\GitHub\Lego-Racers\dokumentation\Studienarbeit_LEGO
\studienarbeit.toc)
\tf@toc=\write8


Package Fancyhdr Warning: \headheight is too small (12.0pt): 
 Make it at least 14.49998pt.
 We now make it that large for the rest of the document.
 This may cause the page layout to be inconsistent, however.

[2


])
(C:\Users\D060463\Documents\GitHub\Lego-Racers\dokumentation\Studienarbeit_LEGO
\pages/13_abkuerzungsverzeichnis.tex
No file studienarbeit.nls.
)
(C:\Users\D060463\Documents\GitHub\Lego-Racers\dokumentation\Studienarbeit_LEGO
\pages/15_abbildungsverzeichnis.tex
(C:\Users\D060463\Documents\GitHub\Lego-Racers\dokumentation\Studienarbeit_LEGO
\studienarbeit.lof)
\tf@lof=\write9
 [3




])
No file chapter/20_kapitel.tex.
[1



] [2] [3] [4] <../Bilder/Rennstrecke.png, id=170, 347.49825pt x 314.3745pt>
File: ../Bilder/Rennstrecke.png Graphic file (type png)

<use ../Bilder/Rennstrecke.png>
Package pdftex.def Info: ../Bilder/Rennstrecke.png used on input line 368.
(pdftex.def)             Requested size: 347.49738pt x 314.37372pt.

<../Bilder/RennstreckeBesser.png, id=171, 347.49825pt x 313.17pt>
File: ../Bilder/RennstreckeBesser.png Graphic file (type png)

<use ../Bilder/RennstreckeBesser.png>
Package pdftex.def Info: ../Bilder/RennstreckeBesser.png used on input line 380
.
(pdftex.def)             Requested size: 347.49738pt x 313.16922pt.
 [5 <C:/Users/D060463/Documents/GitHub/Lego-Racers/dokumentation/Bilder/Rennstr
ecke.png>] [6 <C:/Users/D060463/Documents/GitHub/Lego-Racers/dokumentation/Bild
er/RennstreckeBesser.png>]
<../Bilder/Fahrzeug.png, id=180, 488.42474pt x 247.52475pt>
File: ../Bilder/Fahrzeug.png Graphic file (type png)

<use ../Bilder/Fahrzeug.png>
Package pdftex.def Info: ../Bilder/Fahrzeug.png used on input line 399.
(pdftex.def)             Requested size: 439.5782pt x 222.7702pt.
 [7 <C:/Users/D060463/Documents/GitHub/Lego-Racers/dokumentation/Bilder/Fahrzeu
g.png>]
<../Bilder/Aktivitaetsdiagramm.png, id=185, 461.3235pt x 561.297pt>
File: ../Bilder/Aktivitaetsdiagramm.png Graphic file (type png)

<use ../Bilder/Aktivitaetsdiagramm.png>
Package pdftex.def Info: ../Bilder/Aktivitaetsdiagramm.png used on input line 4
09.
(pdftex.def)             Requested size: 415.18732pt x 505.16263pt.

Underfull \hbox (badness 10000) in paragraph at lines 409--411

 []

[8 <C:/Users/D060463/Documents/GitHub/Lego-Racers/dokumentation/Bilder/Aktivita
etsdiagramm.png>]
<../Bilder/Klassendiagramm.png, id=190, 646.8165pt x 477.58424pt>
File: ../Bilder/Klassendiagramm.png Graphic file (type png)

<use ../Bilder/Klassendiagramm.png>
Package pdftex.def Info: ../Bilder/Klassendiagramm.png used on input line 419.
(pdftex.def)             Requested size: 452.76846pt x 334.30669pt.
 [9 <C:/Users/D060463/Documents/GitHub/Lego-Racers/dokumentation/Bilder/Klassen
diagramm.png>] [10]
Overfull \hbox (3.86336pt too wide) in paragraph at lines 464--473
[][] 
 []

[11]
Underfull \hbox (badness 10000) in paragraph at lines 481--482

 []

<../Bilder/Ultraschallsensor.png, id=206, 324.0105pt x 146.34676pt>
File: ../Bilder/Ultraschallsensor.png Graphic file (type png)

<use ../Bilder/Ultraschallsensor.png>
Package pdftex.def Info: ../Bilder/Ultraschallsensor.png used on input line 485
.
(pdftex.def)             Requested size: 324.0097pt x 146.34639pt.
 [12 <C:/Users/D060463/Documents/GitHub/Lego-Racers/dokumentation/Bilder/Ultras
challsensor.png>] [13]
<../Bilder/PlanV1.png, id=215, 572.73975pt x 376.40625pt>
File: ../Bilder/PlanV1.png Graphic file (type png)

<use ../Bilder/PlanV1.png>
Package pdftex.def Info: ../Bilder/PlanV1.png used on input line 514.
(pdftex.def)             Requested size: 458.19241pt x 301.1254pt.

Overfull \hbox (2.9483pt too wide) in paragraph at lines 514--515
 [] 
 []

[14 <C:/Users/D060463/Documents/GitHub/Lego-Racers/dokumentation/Bilder/PlanV1.
png>] <../Bilder/plattenmalen.jpg, id=223, 537.207pt x 731.1315pt>
File: ../Bilder/plattenmalen.jpg Graphic file (type jpg)

<use ../Bilder/plattenmalen.jpg>
Package pdftex.def Info: ../Bilder/plattenmalen.jpg used on input line 536.
(pdftex.def)             Requested size: 136.57462pt x 185.87268pt.

<../Bilder/plattenfertig.jpg, id=224, 2457.18pt x 3276.24pt>
File: ../Bilder/plattenfertig.jpg Graphic file (type jpg)

<use ../Bilder/plattenfertig.jpg>
Package pdftex.def Info: ../Bilder/plattenfertig.jpg used on input line 541.
(pdftex.def)             Requested size: 136.57462pt x 182.06844pt.
 [15 <C:/Users/D060463/Documents/GitHub/Lego-Racers/dokumentation/Bilder/platte
nmalen.jpg> <C:/Users/D060463/Documents/GitHub/Lego-Racers/dokumentation/Bilder
/plattenfertig.jpg>]
(C:\Users\D060463\Documents\GitHub\Lego-Racers\dokumentation\Studienarbeit_LEGO
\pages/18_literaturverzeichnis.tex
No file studienarbeit.bbl.
)
(C:\Users\D060463\Documents\GitHub\Lego-Racers\dokumentation\Studienarbeit_LEGO
\pages/19_index.tex
(C:\Users\D060463\Documents\GitHub\Lego-Racers\dokumentation\Studienarbeit_LEGO
\studienarbeit.ind))
(C:\Users\D060463\Documents\GitHub\Lego-Racers\dokumentation\Studienarbeit_LEGO
\pages/20_erklaerung.tex) [16





]

Package glossaries Warning: No \printglossary or \printglossaries found.
This document will not have a glossary.

Package atveryend Info: Empty hook `BeforeClearDocument' on input line 566.
Package atveryend Info: Empty hook `AfterLastShipout' on input line 566.

(C:\Users\D060463\Documents\GitHub\Lego-Racers\dokumentation\Studienarbeit_LEGO
\studienarbeit.aux
(C:\Users\D060463\Documents\GitHub\Lego-Racers\dokumentation\Studienarbeit_LEGO
\pages/10_titel_seminar.aux)
(C:\Users\D060463\Documents\GitHub\Lego-Racers\dokumentation\Studienarbeit_LEGO
\pages/12_inhaltsverzeichnis.aux)
(C:\Users\D060463\Documents\GitHub\Lego-Racers\dokumentation\Studienarbeit_LEGO
\pages/13_abkuerzungsverzeichnis.aux)
(C:\Users\D060463\Documents\GitHub\Lego-Racers\dokumentation\Studienarbeit_LEGO
\pages/15_abbildungsverzeichnis.aux)
(C:\Users\D060463\Documents\GitHub\Lego-Racers\dokumentation\Studienarbeit_LEGO
\chapter/20_kapitel.aux)
(C:\Users\D060463\Documents\GitHub\Lego-Racers\dokumentation\Studienarbeit_LEGO
\pages/18_literaturverzeichnis.aux)
(C:\Users\D060463\Documents\GitHub\Lego-Racers\dokumentation\Studienarbeit_LEGO
\pages/19_index.aux)
(C:\Users\D060463\Documents\GitHub\Lego-Racers\dokumentation\Studienarbeit_LEGO
\pages/20_erklaerung.aux))
Package atveryend Info: Executing hook `AtVeryEndDocument' on input line 566.
Package atveryend Info: Executing hook `AtEndAfterFileList' on input line 566.
Package rerunfilecheck Info: File `studienarbeit.out' has not changed.
(rerunfilecheck)             Checksum: 0BC800567422F2D2DF3C7A9F82E72FEB;1657.
Package atveryend Info: Empty hook `AtVeryVeryEnd' on input line 566.
 ) 
Here is how much of TeX's memory you used:
 13779 strings out of 493921
 204421 string characters out of 3147275
 346713 words of memory out of 3000000
 16701 multiletter control sequences out of 15000+200000
 10798 words of font info for 38 fonts, out of 3000000 for 9000
 841 hyphenation exceptions out of 8191
 46i,12n,75p,1557b,482s stack positions out of 5000i,500n,10000p,200000b,50000s
<C:/Program Files/MiKTeX 2.9/fonts/type1/public/amsfonts/cm/cmbx12.pfb><C:/Pr
ogram Files/MiKTeX 2.9/fonts/type1/public/amsfonts/cm/cmbx6.pfb><C:/Program Fil
es/MiKTeX 2.9/fonts/type1/public/amsfonts/cm/cmbxti10.pfb><C:/Program Files/MiK
TeX 2.9/fonts/type1/public/amsfonts/cm/cmr12.pfb><C:/Program Files/MiKTeX 2.9/f
onts/type1/public/amsfonts/cm/cmti12.pfb>
Output written on studienarbeit.pdf (19 pages, 2063214 bytes).
PDF statistics:
 265 PDF objects out of 1000 (max. 8388607)
 51 named destinations out of 1000 (max. 500000)
 235 words of extra memory for PDF output out of 10000 (max. 10000000)

